Base path: 'D:/Unity/2019.4.29f1/Editor/Data', plugins path 'D:/Unity/2019.4.29f1/Editor/Data/PlaybackEngines'
Cmd: initializeCompiler
Cmd: preprocess
  insize=771 outsize=196 ok=1
Cmd: preprocess
  insize=771 outsize=196 ok=1
Cmd: preprocess
  insize=771 outsize=196 ok=1
Cmd: preprocess
  insize=771 outsize=196 ok=1
Cmd: preprocess
  insize=771 outsize=196 ok=1
Cmd: preprocess
  insize=771 outsize=196 ok=1
Cmd: preprocess
  insize=771 outsize=196 ok=1
Cmd: preprocess
  insize=771 outsize=196 ok=1
Cmd: preprocess
  insize=771 outsize=196 ok=1
Cmd: preprocess
  insize=771 outsize=196 ok=1
Cmd: preprocess
  insize=771 outsize=196 ok=1
Cmd: preprocess
  insize=771 outsize=196 ok=1
Cmd: preprocess
  insize=771 outsize=196 ok=1
Cmd: preprocess
  insize=771 outsize=196 ok=1
Cmd: preprocess
  insize=771 outsize=196 ok=1
Cmd: preprocess
  insize=771 outsize=196 ok=1
Cmd: preprocess
  insize=771 outsize=196 ok=1
Cmd: preprocess
  insize=771 outsize=196 ok=1
Cmd: preprocess
  insize=771 outsize=196 ok=1
Cmd: preprocess
  insize=771 outsize=196 ok=1
Cmd: preprocess
  insize=771 outsize=196 ok=1
Cmd: preprocess
  insize=771 outsize=196 ok=1
Cmd: preprocess
  insize=771 outsize=196 ok=1
Cmd: preprocess
  insize=771 outsize=196 ok=1
Cmd: preprocess
  insize=771 outsize=196 ok=1
Cmd: preprocess
  insize=771 outsize=196 ok=1
Cmd: preprocess
  insize=771 outsize=196 ok=1
Cmd: preprocess
  insize=771 outsize=196 ok=1
Cmd: preprocess
  insize=771 outsize=196 ok=1
Cmd: preprocess
  insize=771 outsize=196 ok=1
Cmd: preprocess
  insize=771 outsize=196 ok=1
Cmd: preprocess
  insize=771 outsize=196 ok=1
Cmd: preprocess
  insize=771 outsize=196 ok=1
Cmd: preprocess
  insize=771 outsize=196 ok=1
Cmd: preprocess
  insize=771 outsize=196 ok=1
Cmd: preprocess
  insize=771 outsize=196 ok=1
Cmd: preprocess
  insize=771 outsize=196 ok=1
Cmd: preprocess
  insize=771 outsize=196 ok=1
Cmd: preprocess
  insize=771 outsize=196 ok=1
Cmd: preprocess
  insize=771 outsize=196 ok=1
Cmd: preprocess
  insize=771 outsize=196 ok=1
Cmd: preprocess
  insize=771 outsize=196 ok=1
Cmd: preprocess
  insize=771 outsize=196 ok=1
Cmd: preprocess
  insize=771 outsize=196 ok=1
Cmd: preprocess
  insize=771 outsize=196 ok=1
Cmd: preprocess
  insize=771 outsize=196 ok=1
Cmd: preprocess
  insize=88809 outsize=1686 ok=1
Cmd: preprocess
  insize=4159 outsize=555 ok=1
Cmd: preprocess
  insize=4853 outsize=545 ok=1
Cmd: preprocess
  insize=19524 outsize=547 ok=1
Cmd: preprocess
  insize=7392 outsize=553 ok=1
Cmd: preprocess
  insize=7392 outsize=553 ok=1
Cmd: preprocess
  insize=7392 outsize=552 ok=1
Cmd: preprocess
  insize=7380 outsize=552 ok=1
Cmd: preprocess
  insize=7392 outsize=552 ok=1
Cmd: preprocess
  insize=8654 outsize=543 ok=1
Cmd: preprocess
  insize=8643 outsize=544 ok=1
Cmd: preprocess
  insize=11025 outsize=544 ok=1
Cmd: preprocess
  insize=15625 outsize=544 ok=1
Cmd: preprocess
  insize=15940 outsize=548 ok=1
Cmd: preprocess
  insize=7390 outsize=553 ok=1
Cmd: preprocess
  insize=7392 outsize=553 ok=1
Cmd: preprocess
  insize=7392 outsize=553 ok=1
Cmd: preprocess
  insize=8652 outsize=544 ok=1
Cmd: preprocess
  insize=8654 outsize=544 ok=1
Cmd: preprocess
  insize=11034 outsize=543 ok=1
Cmd: preprocess
  insize=10882 outsize=554 ok=1
Cmd: preprocess
  insize=771 outsize=196 ok=1
Cmd: preprocess
  insize=771 outsize=196 ok=1
Cmd: preprocess
  insize=771 outsize=196 ok=1
Cmd: preprocess
  insize=771 outsize=196 ok=1
Cmd: preprocess
  insize=771 outsize=196 ok=1
Cmd: preprocess
  insize=771 outsize=196 ok=1
Cmd: preprocess
  insize=771 outsize=196 ok=1
Cmd: preprocess
  insize=771 outsize=196 ok=1
Cmd: preprocess
  insize=771 outsize=196 ok=1
Cmd: preprocess
  insize=771 outsize=196 ok=1
Cmd: preprocess
  insize=771 outsize=196 ok=1
Cmd: preprocess
  insize=771 outsize=196 ok=1
Cmd: preprocess
  insize=771 outsize=196 ok=1
Cmd: preprocess
  insize=771 outsize=196 ok=1
Cmd: preprocess
  insize=771 outsize=196 ok=1
Cmd: preprocess
  insize=771 outsize=196 ok=1
Cmd: preprocess
  insize=771 outsize=196 ok=1
Cmd: preprocess
  insize=771 outsize=196 ok=1
Cmd: preprocess
  insize=771 outsize=196 ok=1
Cmd: preprocess
  insize=771 outsize=196 ok=1
Cmd: preprocess
  insize=771 outsize=196 ok=1
Cmd: preprocess
  insize=771 outsize=196 ok=1
Cmd: preprocess
  insize=771 outsize=196 ok=1
Cmd: preprocess
  insize=771 outsize=196 ok=1
Cmd: preprocess
  insize=771 outsize=196 ok=1
Cmd: preprocess
  insize=771 outsize=196 ok=1
Cmd: preprocess
  insize=771 outsize=196 ok=1
Cmd: preprocess
  insize=771 outsize=196 ok=1
Cmd: preprocess
  insize=771 outsize=196 ok=1
Cmd: preprocess
  insize=771 outsize=196 ok=1
Cmd: preprocess
  insize=771 outsize=196 ok=1
Cmd: preprocess
  insize=771 outsize=196 ok=1
Cmd: preprocess
  insize=771 outsize=196 ok=1
Cmd: preprocess
  insize=771 outsize=196 ok=1
Cmd: preprocess
  insize=771 outsize=196 ok=1
Cmd: preprocess
  insize=771 outsize=196 ok=1
Cmd: preprocess
  insize=771 outsize=196 ok=1
Cmd: preprocess
  insize=771 outsize=196 ok=1
Cmd: preprocess
  insize=771 outsize=196 ok=1
Cmd: preprocess
  insize=771 outsize=196 ok=1
Cmd: preprocess
  insize=771 outsize=196 ok=1
Cmd: preprocess
  insize=771 outsize=196 ok=1
Cmd: preprocess
  insize=771 outsize=196 ok=1
Cmd: preprocess
  insize=771 outsize=196 ok=1
Cmd: preprocess
  insize=771 outsize=196 ok=1
Cmd: preprocess
  insize=771 outsize=196 ok=1
Cmd: preprocess
  insize=88809 outsize=1686 ok=1
Cmd: preprocess
  insize=4159 outsize=555 ok=1
Cmd: preprocess
  insize=4853 outsize=545 ok=1
Cmd: preprocess
  insize=19524 outsize=547 ok=1
Cmd: preprocess
  insize=7392 outsize=553 ok=1
Cmd: preprocess
  insize=7392 outsize=553 ok=1
Cmd: preprocess
  insize=7392 outsize=552 ok=1
Cmd: preprocess
  insize=7380 outsize=552 ok=1
Cmd: preprocess
  insize=7392 outsize=552 ok=1
Cmd: preprocess
  insize=8654 outsize=543 ok=1
Cmd: preprocess
  insize=8643 outsize=544 ok=1
Cmd: preprocess
  insize=11025 outsize=544 ok=1
Cmd: preprocess
  insize=15625 outsize=544 ok=1
Cmd: preprocess
  insize=15940 outsize=548 ok=1
Cmd: preprocess
  insize=7390 outsize=553 ok=1
Cmd: preprocess
  insize=7392 outsize=553 ok=1
Cmd: preprocess
  insize=7392 outsize=553 ok=1
Cmd: preprocess
  insize=8652 outsize=544 ok=1
Cmd: preprocess
  insize=8654 outsize=544 ok=1
Cmd: preprocess
  insize=11034 outsize=543 ok=1
Cmd: preprocess
  insize=10882 outsize=554 ok=1
Cmd: preprocess
  insize=7392 outsize=553 ok=1
Cmd: preprocess
  insize=7392 outsize=553 ok=1
Cmd: preprocess
  insize=7392 outsize=552 ok=1
Cmd: preprocess
  insize=7380 outsize=552 ok=1
Cmd: preprocess
  insize=7392 outsize=552 ok=1
Cmd: preprocess
  insize=7390 outsize=553 ok=1
Cmd: preprocess
  insize=7392 outsize=553 ok=1
Cmd: preprocess
  insize=7392 outsize=553 ok=1
Cmd: preprocess
  insize=10882 outsize=554 ok=1
Cmd: preprocess
  insize=15625 outsize=544 ok=1
Cmd: preprocess
  insize=15940 outsize=548 ok=1
Cmd: preprocess
  insize=19524 outsize=547 ok=1
Cmd: preprocess
  insize=88809 outsize=1686 ok=1
Cmd: preprocess
  insize=8654 outsize=544 ok=1
Cmd: preprocess
  insize=11034 outsize=543 ok=1
Cmd: preprocess
  insize=8652 outsize=544 ok=1
Cmd: preprocess
  insize=8643 outsize=544 ok=1
Cmd: preprocess
  insize=11025 outsize=544 ok=1
Cmd: preprocess
  insize=8654 outsize=543 ok=1
Cmd: preprocess
  insize=4853 outsize=545 ok=1
Cmd: preprocess
  insize=4159 outsize=555 ok=1
Cmd: shutdown
